  Sorting.cpp
c:\users\callu\google drive\term 2\fundamentals\assignment 1\tests.h(6): error C2061: syntax error: identifier 'vector'
c:\users\callu\google drive\term 2\fundamentals\assignment 1\tests.h(9): error C2143: syntax error: missing ';' before '<'
c:\users\callu\google drive\term 2\fundamentals\assignment 1\tests.h(9): error C4430: missing type specifier - int assumed. Note: C++ does not support default-int
c:\users\callu\google drive\term 2\fundamentals\assignment 1\tests.h(9): error C2238: unexpected token(s) preceding ';'
c:\users\callu\google drive\term 2\fundamentals\assignment 1\tests.cpp(9): error C2511: 'int Tests::IntegerSorter(std::vector<int,std::allocator<_Ty>>)': overloaded member function not found in 'Tests'
          with
          [
              _Ty=int
          ]
  c:\users\callu\google drive\term 2\fundamentals\assignment 1\tests.h(4): note: see declaration of 'Tests'
  Tests.cpp
c:\users\callu\google drive\term 2\fundamentals\assignment 1\tests.h(6): error C2061: syntax error: identifier 'vector'
c:\users\callu\google drive\term 2\fundamentals\assignment 1\tests.h(9): error C2143: syntax error: missing ';' before '<'
c:\users\callu\google drive\term 2\fundamentals\assignment 1\tests.h(9): error C4430: missing type specifier - int assumed. Note: C++ does not support default-int
c:\users\callu\google drive\term 2\fundamentals\assignment 1\tests.h(9): error C2238: unexpected token(s) preceding ';'
c:\users\callu\google drive\term 2\fundamentals\assignment 1\tests.cpp(9): error C2511: 'int Tests::IntegerSorter(std::vector<int,std::allocator<_Ty>>)': overloaded member function not found in 'Tests'
          with
          [
              _Ty=int
          ]
  c:\users\callu\google drive\term 2\fundamentals\assignment 1\tests.h(4): note: see declaration of 'Tests'
